<?xml version="1.0" encoding="UTF-8"?>
<testsuite xmlns:xsi="http://www.w3.org/2001/XMLSchema-instance" xsi:noNamespaceSchemaLocation="https://maven.apache.org/surefire/maven-surefire-plugin/xsd/surefire-test-report.xsd" name="ru.nsu.fit.endpoint.manager.CustomerManagerTest" time="5.015" tests="4" errors="0" skipped="0" failures="0">
  <properties>
[...]
</properties>
  <testcase name="testCreateCustomerWithNullArgument_Right" classname="ru.nsu.fit.endpoint.manager.CustomerManagerTest" time="2.843"/>
  <testcase name="testCreateCustomerWithNullArgument_Wrong" classname="ru.nsu.fit.endpoint.manager.CustomerManagerTest" time="0"/>
  <testcase name="testCreateCustomer" classname="ru.nsu.fit.endpoint.manager.CustomerManagerTest" time="1.741"/>
  <testcase name="testCreateCustomerWithShortPassword" classname="ru.nsu.fit.endpoint.manager.CustomerManagerTest" time="0.031"/>
</testsuite>