<?xml version="1.0" encoding="UTF-8"?>
<!-- Generated by org.testng.reporters.JUnitXMLReporter -->
<testsuite hostname="Admin" name="BuildVerificationTest" tests="9" failures="0" timestamp="7 Jan 2020 06:54:58 GMT" time="59.999" errors="0">
  <testcase name="checkCustomerEmailNull" time="5.752" classname="ru.nsu.fit.tests.ui.AcceptanceTest"/>
  <testcase name="checkCustomerEmailPasswordWithPartOfNames" time="2.609" classname="ru.nsu.fit.tests.ui.AcceptanceTest"/>
  <testcase name="checkCustomerFirstNameLength" time="2.658" classname="ru.nsu.fit.tests.ui.AcceptanceTest"/>
  <testcase name="checkCustomerFirstNameNull" time="2.253" classname="ru.nsu.fit.tests.ui.AcceptanceTest"/>
  <testcase name="checkCustomerFirstNameSmallLength" time="4.101" classname="ru.nsu.fit.tests.ui.AcceptanceTest"/>
  <testcase name="checkCustomerFirstNameSpace" time="2.764" classname="ru.nsu.fit.tests.ui.AcceptanceTest"/>
  <testcase name="checkCustomerLastNameNull" time="2.722" classname="ru.nsu.fit.tests.ui.AcceptanceTest"/>
  <testcase name="checkCustomerLastNameSpace" time="4.738" classname="ru.nsu.fit.tests.ui.AcceptanceTest"/>
  <testcase name="checkCustomerPasswordNull" time="2.244" classname="ru.nsu.fit.tests.ui.AcceptanceTest"/>
</testsuite> <!-- BuildVerificationTest -->
